|--- feature_2 <= 65.00
|   |--- feature_4 <= 27.98
|   |   |--- class: Kidney Bean
|   |--- feature_4 >  27.98
|   |   |--- feature_6 <= 30.40
|   |   |   |--- class: Muskmelon
|   |   |--- feature_6 >  30.40
|   |   |   |--- feature_4 <= 73.24
|   |   |   |   |--- feature_0 <= 59.50
|   |   |   |   |   |--- feature_6 <= 82.10
|   |   |   |   |   |   |--- feature_4 <= 60.02
|   |   |   |   |   |   |   |--- class: Moth Bean
|   |   |   |   |   |   |--- feature_4 >  60.02
|   |   |   |   |   |   |   |--- feature_6 <= 57.68
|   |   |   |   |   |   |   |   |--- feature_1 <= 50.00
|   |   |   |   |   |   |   |   |   |--- class: Moth Bean
|   |   |   |   |   |   |   |   |--- feature_1 >  50.00
|   |   |   |   |   |   |   |   |   |--- class: Lentil
|   |   |   |   |   |   |   |--- feature_6 >  57.68
|   |   |   |   |   |   |   |   |--- feature_1 <= 53.00
|   |   |   |   |   |   |   |   |   |--- class: Moth Bean
|   |   |   |   |   |   |   |   |--- feature_1 >  53.00
|   |   |   |   |   |   |   |   |   |--- feature_5 <= 8.60
|   |   |   |   |   |   |   |   |   |   |--- class: Urad Bean
|   |   |   |   |   |   |   |   |   |--- feature_5 >  8.60
|   |   |   |   |   |   |   |   |   |   |--- class: Moth Bean
|   |   |   |   |   |--- feature_6 >  82.10
|   |   |   |   |   |   |--- feature_1 <= 46.50
|   |   |   |   |   |   |   |--- class: Mango
|   |   |   |   |   |   |--- feature_1 >  46.50
|   |   |   |   |   |   |   |--- class: Pigeon Pea
|   |   |   |   |--- feature_0 >  59.50
|   |   |   |   |   |--- feature_6 <= 112.49
|   |   |   |   |   |   |--- feature_5 <= 7.08
|   |   |   |   |   |   |   |--- class: Maize
|   |   |   |   |   |   |--- feature_5 >  7.08
|   |   |   |   |   |   |   |--- class: Urad Bean
|   |   |   |   |   |--- feature_6 >  112.49
|   |   |   |   |   |   |--- feature_4 <= 70.41
|   |   |   |   |   |   |   |--- class: Coffee
|   |   |   |   |   |   |--- feature_4 >  70.41
|   |   |   |   |   |   |   |--- class: Jute
|   |   |   |--- feature_4 >  73.24
|   |   |   |   |--- feature_1 <= 32.50
|   |   |   |   |   |--- feature_2 <= 20.00
|   |   |   |   |   |   |--- class: Orange
|   |   |   |   |   |--- feature_2 >  20.00
|   |   |   |   |   |   |--- feature_0 <= 60.00
|   |   |   |   |   |   |   |--- feature_3 <= 24.99
|   |   |   |   |   |   |   |   |--- class: Pomegranate
|   |   |   |   |   |   |   |--- feature_3 >  24.99
|   |   |   |   |   |   |   |   |--- class: Coconut
|   |   |   |   |   |   |--- feature_0 >  60.00
|   |   |   |   |   |   |   |--- class: Watermelon
|   |   |   |   |--- feature_1 >  32.50
|   |   |   |   |   |--- feature_4 <= 90.02
|   |   |   |   |   |   |--- feature_1 <= 65.00
|   |   |   |   |   |   |   |--- feature_6 <= 60.26
|   |   |   |   |   |   |   |   |--- class: Mung Bean
|   |   |   |   |   |   |   |--- feature_6 >  60.26
|   |   |   |   |   |   |   |   |--- feature_6 <= 103.62
|   |   |   |   |   |   |   |   |   |--- feature_0 <= 99.00
|   |   |   |   |   |   |   |   |   |   |--- class: Maize
|   |   |   |   |   |   |   |   |   |--- feature_0 >  99.00
|   |   |   |   |   |   |   |   |   |   |--- class: Cotton
|   |   |   |   |   |   |   |   |--- feature_6 >  103.62
|   |   |   |   |   |   |   |   |   |--- feature_6 <= 199.96
|   |   |   |   |   |   |   |   |   |   |--- feature_5 <= 6.01
|   |   |   |   |   |   |   |   |   |   |   |--- class: Rice
|   |   |   |   |   |   |   |   |   |   |--- feature_5 >  6.01
|   |   |   |   |   |   |   |   |   |   |   |--- truncated branch of depth 6
|   |   |   |   |   |   |   |   |   |--- feature_6 >  199.96
|   |   |   |   |   |   |   |   |   |   |--- class: Rice
|   |   |   |   |   |   |--- feature_1 >  65.00
|   |   |   |   |   |   |   |--- class: Banana
|   |   |   |   |   |--- feature_4 >  90.02
|   |   |   |   |   |   |--- class: Papaya
|--- feature_2 >  65.00
|   |--- feature_6 <= 97.45
|   |   |--- feature_2 <= 140.00
|   |   |   |--- class: Chickpea
|   |   |--- feature_2 >  140.00
|   |   |   |--- class: Grapes
|   |--- feature_6 >  97.45
|   |   |--- class: Apple
